<?xml version="1.0" encoding="utf-8"?><testsuites><testsuite name="pytest" errors="0" failures="0" skipped="11" tests="77" time="44.683" timestamp="2026-08-14T22:40:42.951933-03:00" hostname="DESKTOP-O0R29FC"><testcase classname="tests.test_assinatura.TestWebhook" name="test_webhook_nao_autorizado" time="0.703" /><testcase classname="tests.test_assinatura.TestWebhook" name="test_webhook_sem_authorization" time="0.224" /><testcase classname="tests.test_assinatura.TestWebhook" name="test_webhook_payload_invalido" time="0.001"><skipped type="pytest.skip" message="REVENUECAT_WEBHOOK_SECRET não configurado">c:\Cedro-\Cedro-\test_automation\tests\test_assinatura.py:51: REVENUECAT_WEBHOOK_SECRET não configurado</skipped></testcase><testcase classname="tests.test_assinatura.TestWebhook" name="test_webhook_autorizado" time="0.001"><skipped type="pytest.skip" message="REVENUECAT_WEBHOOK_SECRET não configurado">c:\Cedro-\Cedro-\test_automation\tests\test_assinatura.py:66: REVENUECAT_WEBHOOK_SECRET não configurado</skipped></testcase><testcase classname="tests.test_assinatura.TestStatusAssinatura" name="test_status_sem_token" time="0.219" /><testcase classname="tests.test_assinatura.TestStatusAssinatura" name="test_status_paciente" time="1.391" /><testcase classname="tests.test_auth.TestLogin" name="test_login_valido" time="0.832" /><testcase classname="tests.test_auth.TestLogin" name="test_login_senha_incorreta" time="0.713" /><testcase classname="tests.test_auth.TestLogin" name="test_login_email_inexistente" time="0.315" /><testcase classname="tests.test_auth.TestLogin" name="test_login_campo_vazio[email-]" time="0.240" /><testcase classname="tests.test_auth.TestLogin" name="test_login_campo_vazio[senha-]" time="0.227" /><testcase classname="tests.test_auth.TestLogin" name="test_login_email_caixa_alta" time="0.701" /><testcase classname="tests.test_auth.TestLogin" name="test_login_psicologo" time="0.887" /><testcase classname="tests.test_auth.TestRegisterPaciente" name="test_register_paciente_valido" time="0.961" /><testcase classname="tests.test_auth.TestRegisterPaciente" name="test_register_email_duplicado" time="0.395" /><testcase classname="tests.test_auth.TestRegisterPaciente" name="test_register_senha_invalida[Teste@abc-Precisa ter pelo menos 1 numero]" time="0.354" /><testcase classname="tests.test_auth.TestRegisterPaciente" name="test_register_senha_invalida[Teste123-Precisa ter pelo menos 1 caractere especial]" time="0.291" /><testcase classname="tests.test_auth.TestRegisterPaciente" name="test_register_tipo_admin_forcado_paciente" time="0.962" /><testcase classname="tests.test_auth.TestRegisterPsicologo" name="test_register_psicologo_valido" time="1.156" /><testcase classname="tests.test_auth.TestRegisterPsicologo" name="test_register_psicologo_sem_crp" time="0.675" /><testcase classname="tests.test_auth.TestRegisterPsicologo" name="test_register_psicologo_crp_invalido" time="0.696" /><testcase classname="tests.test_auth.TestRegisterPsicologo" name="test_register_psicologo_crp_duplicado" time="0.880" /><testcase classname="tests.test_auth.TestRegisterPsicologo" name="test_register_psicologo_campo_obrigatorio[payload_extra0-Especialidade obrigatoria para psicologo]" time="0.787" /><testcase classname="tests.test_auth.TestRegisterPsicologo" name="test_register_psicologo_campo_obrigatorio[payload_extra1-Tipo de psicologo obrigatorio para psicologo]" time="0.821" /><testcase classname="tests.test_auth.TestRegisterPsicologo" name="test_register_psicologo_campo_obrigatorio[payload_extra2-Valor da consulta obrigatorio para psicologo]" time="1.406" /><testcase classname="tests.test_auth.TestAlterarSenha" name="test_alterar_senha_sem_token" time="0.301" /><testcase classname="tests.test_auth.TestAlterarSenha" name="test_alterar_senha_senha_atual_errada" time="1.498" /><testcase classname="tests.test_auth.TestAlterarSenha" name="test_alterar_senha_forca_invalida[NovaSenha@abc-Precisa ter pelo menos 1 numero]" time="0.812" /><testcase classname="tests.test_auth.TestAlterarSenha" name="test_alterar_senha_forca_invalida[NovaSenha123-Precisa ter pelo menos 1 caractere especial]" time="0.895" /><testcase classname="tests.test_auth.TestRecuperarSenha" name="test_recuperar_senha[paciente.demo@cedro.app]" time="0.761" /><testcase classname="tests.test_auth.TestRecuperarSenha" name="test_recuperar_senha[naoexiste@teste.cedro]" time="0.310" /><testcase classname="tests.test_auth.TestRecuperarSenha" name="test_recuperar_senha_email_vazio" time="0.218" /><testcase classname="tests.test_auth.TestRecuperarSenha" name="test_redefinir_senha_token_invalido" time="0.560" /><testcase classname="tests.test_auth.TestRecuperarSenha" name="test_redefinir_senha_sem_token" time="0.439" /><testcase classname="tests.test_mensagens.TestEnviarMensagem" name="test_enviar_mensagem_sem_token" time="1.027" /><testcase classname="tests.test_mensagens.TestEnviarMensagem" name="test_enviar_mensagem_valida" time="0.764" /><testcase classname="tests.test_mensagens.TestEnviarMensagem" name="test_enviar_mensagem_2001_chars" time="0.222" /><testcase classname="tests.test_mensagens.TestEnviarMensagem" name="test_enviar_mensagem_2000_chars" time="0.645" /><testcase classname="tests.test_mensagens.TestEnviarMensagem" name="test_enviar_mensagem_sem_destinatario" time="0.225" /><testcase classname="tests.test_mensagens.TestConversa" name="test_listar_conversa" time="0.423" /><testcase classname="tests.test_mensagens.TestConversa" name="test_contar_nao_lidas" time="0.466" /><testcase classname="tests.test_mensagens.TestConversa" name="test_listar_conversas" time="0.354" /><testcase classname="tests.test_psicologos.TestVerificarCRP" name="test_verificar_crp_disponivel" time="0.389" /><testcase classname="tests.test_psicologos.TestVerificarCRP" name="test_verificar_crp_formato_invalido" time="0.219" /><testcase classname="tests.test_psicologos.TestVerificarCRP" name="test_verificar_crp_duplicado" time="0.351" /><testcase classname="tests.test_psicologos.TestVerificarCRP" name="test_verificar_crp_limite_digitos[06/12345]" time="0.291" /><testcase classname="tests.test_psicologos.TestVerificarCRP" name="test_verificar_crp_limite_digitos[06/123456]" time="0.390" /><testcase classname="tests.test_psicologos.TestVerificarCRP" name="test_verificar_crp_7_digitos" time="0.220" /><testcase classname="tests.test_psicologos.TestListaPsicologos" name="test_lista_publica" time="0.787" /><testcase classname="tests.test_psicologos.TestListaPsicologos" name="test_detalhe_psicologo_inexistente" time="0.551" /><testcase classname="tests.test_psicologos.TestFinanceiro" name="test_financeiro_sem_token" time="0.226" /><testcase classname="tests.test_psicologos.TestFinanceiro" name="test_financeiro_psicologo" time="1.451" /><testcase classname="tests.test_sessoes.TestCriarSessao" name="test_criar_sessao_sem_token" time="0.225" /><testcase classname="tests.test_sessoes.TestCriarSessao" name="test_criar_sessao_psicologo_inexistente" time="0.479" /><testcase classname="tests.test_sessoes.TestCriarSessao" name="test_criar_sessao_campo_obrigatorio[payload0-psicologoId \xe9 obrigat\xf3rio]" time="0.656" /><testcase classname="tests.test_sessoes.TestCriarSessao" name="test_criar_sessao_campo_obrigatorio[payload1-dataSessao \xe9 obrigat\xf3ria]" time="1.060" /><testcase classname="tests.test_sessoes.TestCriarSessao" name="test_criar_sessao_valida" time="1.193" /><testcase classname="tests.test_sessoes.TestCriarSessao" name="test_criar_sessao_horario_ocupado" time="0.787"><skipped type="pytest.skip" message="Não foi possível criar sessão base: 400 {&quot;error&quot;:&quot;Horario indisponivel&quot;}">c:\Cedro-\Cedro-\test_automation\tests\test_sessoes.py:125: Não foi possível criar sessão base: 400 {"error":"Horario indisponivel"}</skipped></testcase><testcase classname="tests.test_sessoes.TestConfirmarPagamento" name="test_confirmar_pagamento_sessao_inexistente" time="0.571" /><testcase classname="tests.test_sessoes.TestConfirmarPagamento" name="test_confirmar_pagamento_sem_token" time="0.308" /><testcase classname="tests.test_sessoes.TestDisponibilidade" name="test_disponibilidade_psicologo" time="0.229"><skipped type="pytest.xfail" message="BUG BACKEND: GET /api/sessoes/disponibilidade/{id} retorna 403 (endpoint público não liberado)" /></testcase><testcase classname="tests.test_sessoes.TestDisponibilidade" name="test_disponibilidade_psicologo_inexistente" time="0.221"><skipped type="pytest.xfail" message="BUG BACKEND: GET /api/sessoes/disponibilidade/{id} retorna 403 (endpoint público não liberado)" /></testcase><testcase classname="tests.test_sessoes.TestLinkReuniao" name="test_link_reuniao_sem_token" time="0.219" /><testcase classname="tests.test_sessoes.TestLinkReuniao" name="test_link_reuniao_sessao_inexistente" time="0.646" /><testcase classname="tests.test_upload.TestUploadFoto" name="test_upload_jpg_valido" time="0.224"><skipped type="pytest.xfail" message="BUG BACKEND: Upload retorna 500 — diretório de upload não existe no Render" /></testcase><testcase classname="tests.test_upload.TestUploadFoto" name="test_upload_png_valido" time="0.221"><skipped type="pytest.xfail" message="BUG BACKEND: Upload retorna 500 — diretório de upload não existe no Render" /></testcase><testcase classname="tests.test_upload.TestUploadFoto" name="test_upload_imagem_grande" time="1.127"><skipped type="pytest.xfail" message="BUG BACKEND: Upload retorna 500 — diretório de upload não existe no Render" /></testcase><testcase classname="tests.test_upload.TestUploadFoto" name="test_upload_formato_invalido" time="0.667"><skipped type="pytest.xfail" message="BUG BACKEND: Upload retorna 500 — diretório de upload não existe no Render" /></testcase><testcase classname="tests.test_upload.TestUploadFoto" name="test_upload_sem_arquivo" time="0.217"><skipped type="pytest.xfail" message="BUG BACKEND: Upload retorna 500 — diretório de upload não existe no Render" /></testcase><testcase classname="tests.test_upload.TestUploadFoto" name="test_upload_sem_token" time="0.223"><skipped type="pytest.xfail" message="BUG BACKEND: Upload retorna 500 — diretório de upload não existe no Render" /></testcase><testcase classname="tests.test_usuarios.TestListarUsuarios" name="test_listar_usuarios_admin" time="1.840" /><testcase classname="tests.test_usuarios.TestListarUsuarios" name="test_listar_usuarios_paciente" time="0.224" /><testcase classname="tests.test_usuarios.TestListarUsuarios" name="test_listar_usuarios_sem_token" time="0.201" /><testcase classname="tests.test_usuarios.TestBuscarUsuario" name="test_buscar_proprio_usuario" time="1.321" /><testcase classname="tests.test_usuarios.TestBuscarUsuario" name="test_buscar_outro_usuario" time="0.214" /><testcase classname="tests.test_usuarios.TestAtivarUsuario" name="test_ativar_usuario_paciente" time="0.203" /><testcase classname="tests.test_usuarios.TestAtivarUsuario" name="test_ativar_usuario_sem_token" time="0.206" /></testsuite></testsuites>